<?xml version="1.0" encoding="UTF-8"?>
<testng-results ignored="0" total="11" passed="11" failed="0" skipped="0">
  <reporter-output>
  </reporter-output>
  <suite started-at="2025-01-13T20:52:00 IST" name="Test case suite e-commerce application" finished-at="2025-01-13T21:07:44 IST" duration-ms="943806">
    <groups>
      <group name="group2">
        <method signature="QKART_Tests.TestCase04()[pri:4, instance:QKART_TESTNG.QKART_Tests@72a6149]" name="TestCase04" class="QKART_TESTNG.QKART_Tests"/>
        <method signature="QKART_Tests.TestCase06(java.lang.String,java.lang.String)[pri:6, instance:QKART_TESTNG.QKART_Tests@72a6149]" name="TestCase06" class="QKART_TESTNG.QKART_Tests"/>
        <method signature="QKART_Tests.TestCase08()[pri:8, instance:QKART_TESTNG.QKART_Tests@72a6149]" name="TestCase08" class="QKART_TESTNG.QKART_Tests"/>
        <method signature="QKART_Tests.TestCase09()[pri:9, instance:QKART_TESTNG.QKART_Tests@72a6149]" name="TestCase09" class="QKART_TESTNG.QKART_Tests"/>
        <method signature="QKART_Tests.TestCase10()[pri:10, instance:QKART_TESTNG.QKART_Tests@72a6149]" name="TestCase10" class="QKART_TESTNG.QKART_Tests"/>
      </group> <!-- group2 -->
      <group name="group1">
        <method signature="QKART_Tests.TestCase01()[pri:1, instance:QKART_TESTNG.QKART_Tests@72a6149]" name="TestCase01" class="QKART_TESTNG.QKART_Tests"/>
        <method signature="QKART_Tests.TestCase02()[pri:2, instance:QKART_TESTNG.QKART_Tests@72a6149]" name="TestCase02" class="QKART_TESTNG.QKART_Tests"/>
        <method signature="QKART_Tests.TestCase03()[pri:3, instance:QKART_TESTNG.QKART_Tests@72a6149]" name="TestCase03" class="QKART_TESTNG.QKART_Tests"/>
        <method signature="QKART_Tests.TestCase05(java.lang.String,java.lang.String,java.lang.String)[pri:5, instance:QKART_TESTNG.QKART_Tests@72a6149]" name="TestCase05" class="QKART_TESTNG.QKART_Tests"/>
        <method signature="QKART_Tests.TestCase07(java.lang.String,int)[pri:7, instance:QKART_TESTNG.QKART_Tests@72a6149]" name="TestCase07" class="QKART_TESTNG.QKART_Tests"/>
        <method signature="QKART_Tests.TestCase11()[pri:11, instance:QKART_TESTNG.QKART_Tests@72a6149]" name="TestCase11" class="QKART_TESTNG.QKART_Tests"/>
      </group> <!-- group1 -->
    </groups>
    <test started-at="2025-01-13T20:52:00 IST" name="Test case execution on Chrome browser" finished-at="2025-01-13T21:07:44 IST" duration-ms="943806">
      <class name="QKART_TESTNG.QKART_Tests">
        <test-method is-config="true" signature="createDriver()[pri:0, instance:QKART_TESTNG.QKART_Tests@72a6149]" started-at="2025-01-13T20:51:55 IST" name="createDriver" finished-at="2025-01-13T20:52:00 IST" duration-ms="4857" status="PASS">
          <reporter-output>
          </reporter-output>
        </test-method> <!-- createDriver -->
        <test-method signature="TestCase01()[pri:1, instance:QKART_TESTNG.QKART_Tests@72a6149]" started-at="2025-01-13T20:52:00 IST" name="TestCase01" description="Verify registration happens correctly" finished-at="2025-01-13T20:52:45 IST" duration-ms="45252" status="PASS">
          <reporter-output>
          </reporter-output>
        </test-method> <!-- TestCase01 -->
        <test-method signature="TestCase02()[pri:2, instance:QKART_TESTNG.QKART_Tests@72a6149]" started-at="2025-01-13T20:52:47 IST" name="TestCase02" description="Verify re-registering an already registered user fails" finished-at="2025-01-13T20:54:12 IST" duration-ms="85583" status="PASS">
          <reporter-output>
          </reporter-output>
        </test-method> <!-- TestCase02 -->
        <test-method signature="TestCase03()[pri:3, instance:QKART_TESTNG.QKART_Tests@72a6149]" started-at="2025-01-13T20:54:14 IST" name="TestCase03" description="Verify the functionality of search text box" finished-at="2025-01-13T20:55:34 IST" duration-ms="80207" status="PASS">
          <reporter-output>
          </reporter-output>
        </test-method> <!-- TestCase03 -->
        <test-method signature="TestCase04()[pri:4, instance:QKART_TESTNG.QKART_Tests@72a6149]" started-at="2025-01-13T20:55:35 IST" name="TestCase04" description="Verify the existence of size chart for certain items and validate contents of size chart" finished-at="2025-01-13T20:56:14 IST" duration-ms="38397" status="PASS">
          <reporter-output>
          </reporter-output>
        </test-method> <!-- TestCase04 -->
        <test-method signature="TestCase05(java.lang.String,java.lang.String,java.lang.String)[pri:5, instance:QKART_TESTNG.QKART_Tests@72a6149]" started-at="2025-01-13T20:56:15 IST" name="TestCase05" description="Verify that a new user can add multiple products in to the cart and Checkout" finished-at="2025-01-13T20:58:07 IST" duration-ms="112056" status="PASS">
          <params>
            <param index="0">
              <value>
                <![CDATA[Addr line 1 addr Line 2 addr line 3]]>
              </value>
            </param>
            <param index="1">
              <value>
                <![CDATA[YONEX Smash Badminton Racquet]]>
              </value>
            </param>
            <param index="2">
              <value>
                <![CDATA[Tan Leatherette Weekender Duffle]]>
              </value>
            </param>
          </params>
          <reporter-output>
          </reporter-output>
        </test-method> <!-- TestCase05 -->
        <test-method signature="TestCase06(java.lang.String,java.lang.String)[pri:6, instance:QKART_TESTNG.QKART_Tests@72a6149]" started-at="2025-01-13T20:58:09 IST" name="TestCase06" description="Verify that the contents of the cart can be edited" finished-at="2025-01-13T21:00:41 IST" duration-ms="152443" status="PASS">
          <params>
            <param index="0">
              <value>
                <![CDATA[Xtend Smart Watch]]>
              </value>
            </param>
            <param index="1">
              <value>
                <![CDATA[Yarine Floor Lamp]]>
              </value>
            </param>
          </params>
          <reporter-output>
          </reporter-output>
        </test-method> <!-- TestCase06 -->
        <test-method signature="TestCase07(java.lang.String,int)[pri:7, instance:QKART_TESTNG.QKART_Tests@72a6149]" started-at="2025-01-13T21:00:42 IST" name="TestCase07" description="Verify that insufficient balance error is thrown when the wallet balance is not enough" finished-at="2025-01-13T21:04:09 IST" duration-ms="206633" status="PASS">
          <params>
            <param index="0">
              <value>
                <![CDATA[Stylecon 9 Seater RHS Sofa Set]]>
              </value>
            </param>
            <param index="1">
              <value>
                <![CDATA[10]]>
              </value>
            </param>
          </params>
          <reporter-output>
          </reporter-output>
        </test-method> <!-- TestCase07 -->
        <test-method signature="TestCase08()[pri:8, instance:QKART_TESTNG.QKART_Tests@72a6149]" started-at="2025-01-13T21:04:09 IST" name="TestCase08" description="Verify that a product added to a cart is available when a new tab is added" finished-at="2025-01-13T21:05:04 IST" duration-ms="54538" status="PASS">
          <reporter-output>
          </reporter-output>
        </test-method> <!-- TestCase08 -->
        <test-method signature="TestCase09()[pri:9, instance:QKART_TESTNG.QKART_Tests@72a6149]" started-at="2025-01-13T21:05:05 IST" name="TestCase09" description="Verify that privacy policy and about us links are working fine" finished-at="2025-01-13T21:05:40 IST" duration-ms="35521" status="PASS">
          <reporter-output>
          </reporter-output>
        </test-method> <!-- TestCase09 -->
        <test-method signature="TestCase10()[pri:10, instance:QKART_TESTNG.QKART_Tests@72a6149]" started-at="2025-01-13T21:05:41 IST" name="TestCase10" description="Verify that the contact us dialog works fine" finished-at="2025-01-13T21:05:45 IST" duration-ms="4438" status="PASS">
          <reporter-output>
          </reporter-output>
        </test-method> <!-- TestCase10 -->
        <test-method signature="TestCase11()[pri:11, instance:QKART_TESTNG.QKART_Tests@72a6149]" started-at="2025-01-13T21:05:46 IST" name="TestCase11" description="Ensure that the Advertisement Links on the QKART page are clickable" finished-at="2025-01-13T21:07:43 IST" duration-ms="117360" status="PASS">
          <reporter-output>
          </reporter-output>
        </test-method> <!-- TestCase11 -->
      </class> <!-- QKART_TESTNG.QKART_Tests -->
    </test> <!-- Test case execution on Chrome browser -->
  </suite> <!-- Test case suite e-commerce application -->
</testng-results>
